Arguments: 
  /home/dev/.asdf/installs/nodejs/20.9.0/bin/node /home/dev/.asdf/installs/nodejs/20.9.0/bin/yarn add jquery popper.js @doabit/semantic-ui-sass

PATH: 
  /home/dev/.asdf/plugins/nodejs/shims:/home/dev/.asdf/installs/nodejs/20.9.0/bin:/home/dev/.rbenv/shims:/home/dev/.asdf/shims:/home/dev/.asdf/bin:/usr/local/sbin:/usr/local/bin:/usr/sbin:/usr/bin:/sbin:/bin:/usr/games:/usr/local/games:/snap/bin:/snap/bin

Yarn version: 
  1.22.19

Node version: 
  20.9.0

Platform: 
  linux x64

Trace: 
  AggregateError
      at internalConnectMultiple (node:net:1114:18)
      at internalConnectMultiple (node:net:1177:5)
      at Timeout.internalConnectMultipleTimeout (node:net:1687:3)
      at listOnTimeout (node:internal/timers:575:11)
      at process.processTimers (node:internal/timers:514:7)

npm manifest: 
  No manifest

yarn manifest: 
  No manifest

Lockfile: 
  # THIS IS AN AUTOGENERATED FILE. DO NOT EDIT THIS FILE DIRECTLY.
  # yarn lockfile v1
